2019-04-23 14:50:11,226 [MainThread  ] [CRITI]  FINDING biblSturct FAILED
2019-04-23 14:50:11,228 [MainThread  ] [ERROR]  [FAILURE]outputAddPeriodo/beth0061.xml got a NULL Bibl Struct, id:	lifshitz1960b
2019-04-23 14:50:13,616 [MainThread  ] [ERROR]  [FAILURE]outputAddPeriodo/beth0061.xml got a NULL Bibl Struct, id:	lifshitz1960b
2019-04-23 14:53:35,997 [MainThread  ] [CRITI]  FINDING biblSturct FAILED
2019-04-23 14:53:35,997 [MainThread  ] [ERROR]  [FAILURE]outputAddPeriodo/beth0088.xml got a NULL Bibl Struct, id:	IIP-408
2019-04-23 14:53:40,582 [MainThread  ] [ERROR]  [FAILURE]outputAddPeriodo/beth0088.xml got a NULL Bibl Struct, id:	IIP-408
2019-04-23 15:02:05,826 [MainThread  ] [CRITI]  FINDING biblSturct FAILED
2019-04-23 15:02:05,828 [MainThread  ] [ERROR]  [FAILURE]outputAddPeriodo/beth0146.xml got a NULL Bibl Struct, id:	SEG
2019-04-23 15:02:10,464 [MainThread  ] [ERROR]  [FAILURE]outputAddPeriodo/beth0146.xml got a NULL Bibl Struct, id:	SEG
2019-04-23 15:04:33,224 [MainThread  ] [CRITI]  FINDING biblSturct FAILED
2019-04-23 15:04:33,224 [MainThread  ] [ERROR]  [FAILURE]outputAddPeriodo/beth0163.xml got a NULL Bibl Struct, id:	SEG
2019-04-23 15:04:40,998 [MainThread  ] [ERROR]  [FAILURE]outputAddPeriodo/beth0163.xml got a NULL Bibl Struct, id:	SEG
2019-04-23 15:07:16,158 [MainThread  ] [CRITI]  FINDING biblSturct FAILED
2019-04-23 15:07:16,159 [MainThread  ] [ERROR]  [FAILURE]outputAddPeriodo/beth0176.xml got a NULL Bibl Struct, id:	Bu
2019-04-23 15:07:20,953 [MainThread  ] [ERROR]  [FAILURE]outputAddPeriodo/beth0176.xml got a NULL Bibl Struct, id:	Bu
2019-04-23 15:09:39,339 [MainThread  ] [CRITI]  FINDING biblSturct FAILED
2019-04-23 15:09:39,339 [MainThread  ] [ERROR]  [FAILURE]outputAddPeriodo/beth0186.xml got a NULL Bibl Struct, id:	IIP-494
2019-04-23 15:09:48,825 [MainThread  ] [ERROR]  [FAILURE]outputAddPeriodo/beth0186.xml got a NULL Bibl Struct, id:	IIP-494
2019-04-23 15:10:02,858 [MainThread  ] [CRITI]  FINDING biblSturct FAILED
2019-04-23 15:10:02,859 [MainThread  ] [ERROR]  [FAILURE]outputAddPeriodo/beth0189.xml got a NULL Bibl Struct, id:	IIP-494
2019-04-23 15:10:12,480 [MainThread  ] [ERROR]  [FAILURE]outputAddPeriodo/beth0189.xml got a NULL Bibl Struct, id:	IIP-494
2019-04-23 15:10:20,275 [MainThread  ] [CRITI]  FINDING biblSturct FAILED
2019-04-23 15:10:20,276 [MainThread  ] [ERROR]  [FAILURE]outputAddPeriodo/beth0190.xml got a NULL Bibl Struct, id:	IIP-494
2019-04-23 15:10:30,400 [MainThread  ] [ERROR]  [FAILURE]outputAddPeriodo/beth0190.xml got a NULL Bibl Struct, id:	IIP-494
2019-04-23 15:10:42,113 [MainThread  ] [CRITI]  FINDING biblSturct FAILED
2019-04-23 15:10:42,113 [MainThread  ] [ERROR]  [FAILURE]outputAddPeriodo/beth0192.xml got a NULL Bibl Struct, id:	IIP-494
2019-04-23 15:10:54,978 [MainThread  ] [ERROR]  [FAILURE]outputAddPeriodo/beth0192.xml got a NULL Bibl Struct, id:	IIP-494
2019-04-23 15:11:22,539 [MainThread  ] [CRITI]  FINDING biblSturct FAILED
2019-04-23 15:11:22,540 [MainThread  ] [ERROR]  [FAILURE]outputAddPeriodo/beth0195.xml got a NULL Bibl Struct, id:	IIP-494
2019-04-23 15:11:31,843 [MainThread  ] [ERROR]  [FAILURE]outputAddPeriodo/beth0195.xml got a NULL Bibl Struct, id:	IIP-494
2019-04-23 15:11:48,853 [MainThread  ] [CRITI]  FINDING biblSturct FAILED
2019-04-23 15:11:48,853 [MainThread  ] [ERROR]  [FAILURE]outputAddPeriodo/beth0199.xml got a NULL Bibl Struct, id:	IIP-494
2019-04-23 15:12:00,772 [MainThread  ] [ERROR]  [FAILURE]outputAddPeriodo/beth0199.xml got a NULL Bibl Struct, id:	IIP-494
2019-04-23 15:29:14,312 [MainThread  ] [CRITI]  FINDING biblSturct FAILED
2019-04-23 15:29:14,314 [MainThread  ] [ERROR]  [FAILURE]outputAddPeriodo/caes0004.xml got a NULL Bibl Struct, id:	IIP-299
2019-04-23 15:29:20,585 [MainThread  ] [ERROR]  [FAILURE]outputAddPeriodo/caes0004.xml got a NULL Bibl Struct, id:	IIP-299
2019-04-23 15:30:01,697 [MainThread  ] [CRITI]  FINDING biblSturct FAILED
2019-04-23 15:30:01,698 [MainThread  ] [ERROR]  [FAILURE]outputAddPeriodo/caes0006.xml got a NULL Bibl Struct, id:	IIP-376
2019-04-23 15:30:34,472 [MainThread  ] [ERROR]  [FAILURE]outputAddPeriodo/caes0006.xml got a NULL Bibl Struct, id:	IIP-376
2019-04-23 15:30:34,475 [MainThread  ] [ERROR]  [FAILURE]Error while checking id
